Rendering to 1024x1024 image
Loaded scene with 4 circles
Loaded scene with 4 circles
---------------------------------------------------------
Initializing CUDA for CudaRenderer
Found 2 CUDA devices
Device 0: TITAN Xp
   SMs:        30
   Global mem: 12187 MB
   CUDA Cap:   6.1
Device 1: TITAN Xp
   SMs:        30
   Global mem: 12190 MB
   CUDA Cap:   6.1
---------------------------------------------------------

Running benchmark, 1 frames, beginning at frame 0 ...
Copying image data from device
***************** Correctness check passed **************************
Clear:    0.0644 ms
Advance:  0.0014 ms
Render:   0.1996 ms
Total:    0.2654 ms

Overall:  0.0131 sec (note units are seconds)
